Determining if the pthread_create exist failed with the following output:
Change Dir: /home/luis/Documents/DRIVE/LUIS/CODIGOS/Depth_Error_Estimation_of_Static_RGBD_Sensors/build/CMakeFiles/CMakeTmp

Run Build Command:"/usr/bin/make" "cmTC_acf1c/fast"
/usr/bin/make -f CMakeFiles/cmTC_acf1c.dir/build.make CMakeFiles/cmTC_acf1c.dir/build
make[1]: Entering directory '/home/luis/Documents/DRIVE/LUIS/CODIGOS/Depth_Error_Estimation_of_Static_RGBD_Sensors/build/CMakeFiles/CMakeTmp'
Building C object CMakeFiles/cmTC_acf1c.dir/CheckSymbolExists.c.o
/usr/bin/gcc-5     -o CMakeFiles/cmTC_acf1c.dir/CheckSymbolExists.c.o   -c /home/luis/Documents/DRIVE/LUIS/CODIGOS/Depth_Error_Estimation_of_Static_RGBD_Sensors/build/CMakeFiles/CMakeTmp/CheckSymbolExists.c
Linking C executable cmTC_acf1c
/usr/bin/cmake -E cmake_link_script CMakeFiles/cmTC_acf1c.dir/link.txt --verbose=1
/usr/bin/gcc-5       CMakeFiles/cmTC_acf1c.dir/CheckSymbolExists.c.o  -o cmTC_acf1c -rdynamic 
CMakeFiles/cmTC_acf1c.dir/CheckSymbolExists.c.o: In function `main':
CheckSymbolExists.c:(.text+0x16): undefined reference to `pthread_create'
collect2: error: ld returned 1 exit status
CMakeFiles/cmTC_acf1c.dir/build.make:97: recipe for target 'cmTC_acf1c' failed
make[1]: *** [cmTC_acf1c] Error 1
make[1]: Leaving directory '/home/luis/Documents/DRIVE/LUIS/CODIGOS/Depth_Error_Estimation_of_Static_RGBD_Sensors/build/CMakeFiles/CMakeTmp'
Makefile:126: recipe for target 'cmTC_acf1c/fast' failed
make: *** [cmTC_acf1c/fast] Error 2

File /home/luis/Documents/DRIVE/LUIS/CODIGOS/Depth_Error_Estimation_of_Static_RGBD_Sensors/build/CMakeFiles/CMakeTmp/CheckSymbolExists.c:
/* */
#include <pthread.h>

int main(int argc, char** argv)
{
  (void)argv;
#ifndef pthread_create
  return ((int*)(&pthread_create))[argc];
#else
  (void)argc;
  return 0;
#endif
}

Determining if the function pthread_create exists in the pthreads failed with the following output:
Change Dir: /home/luis/Documents/DRIVE/LUIS/CODIGOS/Depth_Error_Estimation_of_Static_RGBD_Sensors/build/CMakeFiles/CMakeTmp

Run Build Command:"/usr/bin/make" "cmTC_81212/fast"
/usr/bin/make -f CMakeFiles/cmTC_81212.dir/build.make CMakeFiles/cmTC_81212.dir/build
make[1]: Entering directory '/home/luis/Documents/DRIVE/LUIS/CODIGOS/Depth_Error_Estimation_of_Static_RGBD_Sensors/build/CMakeFiles/CMakeTmp'
Building C object CMakeFiles/cmTC_81212.dir/CheckFunctionExists.c.o
/usr/bin/gcc-5    -DCHECK_FUNCTION_EXISTS=pthread_create   -o CMakeFiles/cmTC_81212.dir/CheckFunctionExists.c.o   -c /usr/share/cmake-3.5/Modules/CheckFunctionExists.c
Linking C executable cmTC_81212
/usr/bin/cmake -E cmake_link_script CMakeFiles/cmTC_81212.dir/link.txt --verbose=1
/usr/bin/gcc-5   -DCHECK_FUNCTION_EXISTS=pthread_create    CMakeFiles/cmTC_81212.dir/CheckFunctionExists.c.o  -o cmTC_81212 -rdynamic -lpthreads 
/usr/bin/ld: cannot find -lpthreads
collect2: error: ld returned 1 exit status
CMakeFiles/cmTC_81212.dir/build.make:97: recipe for target 'cmTC_81212' failed
make[1]: *** [cmTC_81212] Error 1
make[1]: Leaving directory '/home/luis/Documents/DRIVE/LUIS/CODIGOS/Depth_Error_Estimation_of_Static_RGBD_Sensors/build/CMakeFiles/CMakeTmp'
Makefile:126: recipe for target 'cmTC_81212/fast' failed
make: *** [cmTC_81212/fast] Error 2


